<?xml version="1.0" encoding="UTF-8"?>
<!-- Generated by org.testng.reporters.JUnitXMLReporter -->
<testsuite ignored="0" hostname="IQZCBELT038" failures="0" tests="2" name="TestingOnChrome" time="0.059" errors="0" timestamp="2021-11-22T14:41:30 IST">
  <testcase classname="Cross_Browser.Cross_Browser1" name="@BeforeTest setup" time="-1.63757228999E9">
    <failure type="org.testng.TestNGException" message="
Parameter &amp;apos;browser&amp;apos; is required by BeforeTest on method setup but has not been marked @Optional or defined
in C:\Users\prasanth.s\eclipse-workspace\Selenium_Cross_browser\testng.xml">
      <![CDATA[org.testng.TestNGException: 
Parameter 'browser' is required by BeforeTest on method setup but has not been marked @Optional or defined
in C:\Users\prasanth.s\eclipse-workspace\Selenium_Cross_browser\testng.xml
at java.base/java.util.concurrent.FutureTask.run(FutureTask.java:264)
at java.base/java.util.concurrent.ThreadPoolExecutor.runWorker(ThreadPoolExecutor.java:1130)
at java.base/java.util.concurrent.ThreadPoolExecutor$Worker.run(ThreadPoolExecutor.java:630)
at java.base/java.lang.Thread.run(Thread.java:832)
... Removed 12 stack frames]]>
    </failure>
  </testcase> <!-- @BeforeTest setup -->
  <testcase classname="Cross_Browser.Cross_Browser1" name="@AfterTest finish" time="-1.637572290037E9">
    <skipped/>
  </testcase> <!-- @AfterTest finish -->
  <testcase classname="Cross_Browser.Cross_Browser1" name="testgoogle" time="0.0">
    <skipped/>
  </testcase> <!-- testgoogle -->
  <testcase classname="Cross_Browser.Cross_Browser1" name="testyahoo" time="0.0">
    <skipped/>
  </testcase> <!-- testyahoo -->
</testsuite> <!-- TestingOnChrome -->
