<?xml version="1.0" encoding="UTF-8"?>
<!-- Generated by org.testng.reporters.JUnitReportReporter -->
<testsuite hostname="IQZCBELT038" failures="0" tests="6" name="Cross_Browser.Cross_Browser1" time="-3275144448.000" errors="2" timestamp="2021-11-22T14:41:30 IST" skipped="4">
  <testcase classname="Cross_Browser.Cross_Browser1" name="testgoogle" time="0.000">
    <skipped/>
  </testcase> <!-- testgoogle -->
  <system-out/>
  <testcase classname="Cross_Browser.Cross_Browser1" name="testgoogle" time="0.000">
    <skipped/>
  </testcase> <!-- testgoogle -->
  <system-out/>
  <testcase classname="Cross_Browser.Cross_Browser1" name="testyahoo" time="0.000">
    <skipped/>
  </testcase> <!-- testyahoo -->
  <system-out/>
  <testcase classname="Cross_Browser.Cross_Browser1" name="setup" time="-1637572224.000">
    <error message="
Parameter &#039;browser&#039; is required by BeforeTest on method setup but has not been marked @Optional or defined
in C:\Users\prasanth.s\eclipse-workspace\Selenium_Cross_browser\testng.xml" type="org.testng.TestNGException">
      <![CDATA[org.testng.TestNGException: 
Parameter 'browser' is required by BeforeTest on method setup but has not been marked @Optional or defined
in C:\Users\prasanth.s\eclipse-workspace\Selenium_Cross_browser\testng.xml
at org.testng.internal.Parameters.createParams(Parameters.java:270)
at org.testng.internal.Parameters.createParametersForMethod(Parameters.java:358)
at org.testng.internal.Parameters.createParameters(Parameters.java:700)
at org.testng.internal.Parameters.createConfigurationParameters(Parameters.java:168)
at org.testng.internal.ConfigInvoker.invokeConfigurations(ConfigInvoker.java:302)
at org.testng.TestRunner.invokeTestConfigurations(TestRunner.java:637)
at org.testng.TestRunner.beforeRun(TestRunner.java:627)
at org.testng.TestRunner.run(TestRunner.java:589)
at org.testng.SuiteRunner.runTest(SuiteRunner.java:377)
at org.testng.SuiteRunner.access$000(SuiteRunner.java:28)
at org.testng.SuiteRunner$SuiteWorker.run(SuiteRunner.java:418)
at org.testng.internal.thread.ThreadUtil.lambda$execute$0(ThreadUtil.java:64)
at java.base/java.util.concurrent.FutureTask.run(FutureTask.java:264)
at java.base/java.util.concurrent.ThreadPoolExecutor.runWorker(ThreadPoolExecutor.java:1130)
at java.base/java.util.concurrent.ThreadPoolExecutor$Worker.run(ThreadPoolExecutor.java:630)
at java.base/java.lang.Thread.run(Thread.java:832)
]]>
    </error>
  </testcase> <!-- setup -->
  <system-out/>
  <testcase classname="Cross_Browser.Cross_Browser1" name="setup" time="-1637572224.000">
    <error message="
Parameter &#039;browser&#039; is required by BeforeTest on method setup but has not been marked @Optional or defined
in C:\Users\prasanth.s\eclipse-workspace\Selenium_Cross_browser\testng.xml" type="org.testng.TestNGException">
      <![CDATA[org.testng.TestNGException: 
Parameter 'browser' is required by BeforeTest on method setup but has not been marked @Optional or defined
in C:\Users\prasanth.s\eclipse-workspace\Selenium_Cross_browser\testng.xml
at org.testng.internal.Parameters.createParams(Parameters.java:270)
at org.testng.internal.Parameters.createParametersForMethod(Parameters.java:358)
at org.testng.internal.Parameters.createParameters(Parameters.java:700)
at org.testng.internal.Parameters.createConfigurationParameters(Parameters.java:168)
at org.testng.internal.ConfigInvoker.invokeConfigurations(ConfigInvoker.java:302)
at org.testng.TestRunner.invokeTestConfigurations(TestRunner.java:637)
at org.testng.TestRunner.beforeRun(TestRunner.java:627)
at org.testng.TestRunner.run(TestRunner.java:589)
at org.testng.SuiteRunner.runTest(SuiteRunner.java:377)
at org.testng.SuiteRunner.access$000(SuiteRunner.java:28)
at org.testng.SuiteRunner$SuiteWorker.run(SuiteRunner.java:418)
at org.testng.internal.thread.ThreadUtil.lambda$execute$0(ThreadUtil.java:64)
at java.base/java.util.concurrent.FutureTask.run(FutureTask.java:264)
at java.base/java.util.concurrent.ThreadPoolExecutor.runWorker(ThreadPoolExecutor.java:1130)
at java.base/java.util.concurrent.ThreadPoolExecutor$Worker.run(ThreadPoolExecutor.java:630)
at java.base/java.lang.Thread.run(Thread.java:832)
]]>
    </error>
  </testcase> <!-- setup -->
  <system-out/>
  <testcase classname="Cross_Browser.Cross_Browser1" name="testyahoo" time="0.000">
    <skipped/>
  </testcase> <!-- testyahoo -->
  <system-out/>
</testsuite> <!-- Cross_Browser.Cross_Browser1 -->
