<?xml version="1.0" encoding="UTF-8"?>
<!-- Generated by org.testng.reporters.JUnitXMLReporter -->
<testsuite ignored="0" hostname="IQZCBELT038" failures="0" tests="6" name="Test" time="0.05" errors="0" timestamp="2021-11-26T17:12:53 IST">
  <testcase classname="Demo.Browser_scroll" name="@BeforeTest setup" time="-1.63792697361E9">
    <failure type="org.testng.TestNGException" message="
Parameter &amp;apos;browserName&amp;apos; is required by BeforeTest on method setup but has not been marked @Optional or defined
in C:\Users\prasanth.s\eclipse-workspace\Selenium_Assignment\testng.xml">
      <![CDATA[org.testng.TestNGException: 
Parameter 'browserName' is required by BeforeTest on method setup but has not been marked @Optional or defined
in C:\Users\prasanth.s\eclipse-workspace\Selenium_Assignment\testng.xml
... Removed 21 stack frames]]>
    </failure>
  </testcase> <!-- @BeforeTest setup -->
  <testcase classname="Demo.Browser_scroll" name="@AfterClass finish" time="-1.637926973655E9">
    <skipped/>
  </testcase> <!-- @AfterClass finish -->
  <testcase classname="Demo.Browser_scroll" name="LaunchUrl" time="0.0">
    <skipped/>
  </testcase> <!-- LaunchUrl -->
  <testcase classname="Demo.Browser_scroll" name="Scroll" time="0.0">
    <skipped/>
  </testcase> <!-- Scroll -->
  <testcase classname="Demo.Browser_scroll" name="twitterlaunch" time="0.0">
    <skipped/>
  </testcase> <!-- twitterlaunch -->
  <testcase classname="Demo.Browser_scroll" name="facebooklaunch" time="0.0">
    <skipped/>
  </testcase> <!-- facebooklaunch -->
  <testcase classname="Demo.Browser_scroll" name="githublaunch" time="0.0">
    <skipped/>
  </testcase> <!-- githublaunch -->
  <testcase classname="Demo.Browser_scroll" name="telegram" time="0.0">
    <skipped/>
  </testcase> <!-- telegram -->
</testsuite> <!-- Test -->
